{"/Users/admin/Desktop/ReactNativeSample/index.android.js": {"path":"/Users/admin/Desktop/ReactNativeSample/index.android.js","statementMap":{"0":{"start":{"line":8,"column":0},"end":{"line":8,"column":118}},"1":{"start":{"line":12,"column":2},"end":{"line":14,"column":4}},"2":{"start":{"line":17,"column":0},"end":{"line":17,"column":76}},"3":{"start":{"line":17,"column":57},"end":{"line":17,"column":74}}},"fnMap":{"0":{"name":"ReactNativeSample","decl":{"start":{"line":11,"column":24},"end":{"line":11,"column":41}},"loc":{"start":{"line":11,"column":44},"end":{"line":15,"column":1}},"line":11},"1":{"name":"(anonymous_1)","decl":{"start":{"line":17,"column":51},"end":{"line":17,"column":52}},"loc":{"start":{"line":17,"column":57},"end":{"line":17,"column":74}},"line":17}},"branchMap":{},"s":{"0":1,"1":1,"2":1,"3":0},"f":{"0":1,"1":0},"b":{},"_coverageSchema":"332fd63041d2c1bcb487cc26dd0d5f7d97098a6c","hash":"940924a601d73194860571f3742a584b2b195e16"}
,"/Users/admin/Desktop/ReactNativeSample/index.ios.js": {"path":"/Users/admin/Desktop/ReactNativeSample/index.ios.js","statementMap":{"0":{"start":{"line":8,"column":0},"end":{"line":8,"column":118}},"1":{"start":{"line":12,"column":2},"end":{"line":14,"column":4}},"2":{"start":{"line":18,"column":0},"end":{"line":18,"column":76}},"3":{"start":{"line":18,"column":57},"end":{"line":18,"column":74}}},"fnMap":{"0":{"name":"ReactNativeSample","decl":{"start":{"line":11,"column":24},"end":{"line":11,"column":41}},"loc":{"start":{"line":11,"column":44},"end":{"line":15,"column":1}},"line":11},"1":{"name":"(anonymous_1)","decl":{"start":{"line":18,"column":51},"end":{"line":18,"column":52}},"loc":{"start":{"line":18,"column":57},"end":{"line":18,"column":74}},"line":18}},"branchMap":{},"s":{"0":1,"1":1,"2":1,"3":0},"f":{"0":1,"1":0},"b":{},"_coverageSchema":"332fd63041d2c1bcb487cc26dd0d5f7d97098a6c","hash":"6471c8cffc5e2d77c17a00c7923011f98a9fc1fe"}
,"/Users/admin/Desktop/ReactNativeSample/config/jest/setup-files/index.js": {"path":"/Users/admin/Desktop/ReactNativeSample/config/jest/setup-files/index.js","statementMap":{"0":{"start":{"line":15,"column":0},"end":{"line":21,"column":4}},"1":{"start":{"line":15,"column":28},"end":{"line":21,"column":1}},"2":{"start":{"line":20,"column":55},"end":{"line":20,"column":77}},"3":{"start":{"line":24,"column":0},"end":{"line":30,"column":3}},"4":{"start":{"line":25,"column":24},"end":{"line":25,"column":59}},"5":{"start":{"line":29,"column":2},"end":{"line":29,"column":20}},"6":{"start":{"line":35,"column":0},"end":{"line":35,"column":25}},"7":{"start":{"line":41,"column":0},"end":{"line":45,"column":2}},"8":{"start":{"line":42,"column":2},"end":{"line":44,"column":4}},"9":{"start":{"line":43,"column":10},"end":{"line":43,"column":72}},"10":{"start":{"line":43,"column":48},"end":{"line":43,"column":69}},"11":{"start":{"line":52,"column":0},"end":{"line":68,"column":2}},"12":{"start":{"line":53,"column":2},"end":{"line":67,"column":4}},"13":{"start":{"line":55,"column":6},"end":{"line":58,"column":7}},"14":{"start":{"line":57,"column":8},"end":{"line":57,"column":24}},"15":{"start":{"line":59,"column":6},"end":{"line":65,"column":9}},"16":{"start":{"line":64,"column":20},"end":{"line":64,"column":41}},"17":{"start":{"line":73,"column":0},"end":{"line":77,"column":2}},"18":{"start":{"line":74,"column":2},"end":{"line":76,"column":4}},"19":{"start":{"line":75,"column":10},"end":{"line":75,"column":31}}},"fnMap":{"0":{"name":"(anonymous_0)","decl":{"start":{"line":15,"column":21},"end":{"line":15,"column":22}},"loc":{"start":{"line":15,"column":28},"end":{"line":21,"column":1}},"line":15},"1":{"name":"(anonymous_1)","decl":{"start":{"line":20,"column":46},"end":{"line":20,"column":47}},"loc":{"start":{"line":20,"column":55},"end":{"line":20,"column":77}},"line":20},"2":{"name":"(anonymous_2)","decl":{"start":{"line":24,"column":24},"end":{"line":24,"column":25}},"loc":{"start":{"line":24,"column":30},"end":{"line":30,"column":1}},"line":24},"3":{"name":"(anonymous_3)","decl":{"start":{"line":27,"column":15},"end":{"line":27,"column":16}},"loc":{"start":{"line":27,"column":21},"end":{"line":27,"column":23}},"line":27},"4":{"name":"(anonymous_4)","decl":{"start":{"line":41,"column":35},"end":{"line":41,"column":36}},"loc":{"start":{"line":41,"column":64},"end":{"line":45,"column":1}},"line":41},"5":{"name":"(anonymous_5)","decl":{"start":{"line":43,"column":4},"end":{"line":43,"column":5}},"loc":{"start":{"line":43,"column":10},"end":{"line":43,"column":72}},"line":43},"6":{"name":"(anonymous_6)","decl":{"start":{"line":43,"column":42},"end":{"line":43,"column":43}},"loc":{"start":{"line":43,"column":48},"end":{"line":43,"column":69}},"line":43},"7":{"name":"(anonymous_7)","decl":{"start":{"line":52,"column":46},"end":{"line":52,"column":47}},"loc":{"start":{"line":52,"column":89},"end":{"line":68,"column":1}},"line":52},"8":{"name":"(anonymous_8)","decl":{"start":{"line":54,"column":4},"end":{"line":54,"column":5}},"loc":{"start":{"line":54,"column":10},"end":{"line":66,"column":5}},"line":54},"9":{"name":"(anonymous_9)","decl":{"start":{"line":64,"column":14},"end":{"line":64,"column":15}},"loc":{"start":{"line":64,"column":20},"end":{"line":64,"column":41}},"line":64},"10":{"name":"(anonymous_10)","decl":{"start":{"line":73,"column":35},"end":{"line":73,"column":36}},"loc":{"start":{"line":73,"column":46},"end":{"line":77,"column":1}},"line":73},"11":{"name":"(anonymous_11)","decl":{"start":{"line":75,"column":4},"end":{"line":75,"column":5}},"loc":{"start":{"line":75,"column":10},"end":{"line":75,"column":31}},"line":75}},"branchMap":{"0":{"loc":{"start":{"line":41,"column":36},"end":{"line":41,"column":45}},"type":"default-arg","locations":[{"start":{"line":41,"column":43},"end":{"line":41,"column":45}}],"line":41},"1":{"loc":{"start":{"line":41,"column":47},"end":{"line":41,"column":59}},"type":"default-arg","locations":[{"start":{"line":41,"column":56},"end":{"line":41,"column":59}}],"line":41},"2":{"loc":{"start":{"line":52,"column":47},"end":{"line":52,"column":56}},"type":"default-arg","locations":[{"start":{"line":52,"column":54},"end":{"line":52,"column":56}}],"line":52},"3":{"loc":{"start":{"line":52,"column":58},"end":{"line":52,"column":70}},"type":"default-arg","locations":[{"start":{"line":52,"column":68},"end":{"line":52,"column":70}}],"line":52},"4":{"loc":{"start":{"line":52,"column":72},"end":{"line":52,"column":84}},"type":"default-arg","locations":[{"start":{"line":52,"column":81},"end":{"line":52,"column":84}}],"line":52},"5":{"loc":{"start":{"line":55,"column":6},"end":{"line":58,"column":7}},"type":"if","locations":[{"start":{"line":55,"column":6},"end":{"line":58,"column":7}},{"start":{"line":55,"column":6},"end":{"line":58,"column":7}}],"line":55}},"s":{"0":3,"1":2,"2":2,"3":3,"4":0,"5":0,"6":3,"7":3,"8":0,"9":0,"10":0,"11":3,"12":0,"13":0,"14":0,"15":0,"16":0,"17":3,"18":0,"19":0},"f":{"0":2,"1":2,"2":0,"3":0,"4":0,"5":0,"6":0,"7":0,"8":0,"9":0,"10":0,"11":0},"b":{"0":[0],"1":[0],"2":[0],"3":[0],"4":[0],"5":[0,0]},"_coverageSchema":"332fd63041d2c1bcb487cc26dd0d5f7d97098a6c","hash":"53e700f28832ec862ee630ed1f58da789df48e73"}
,"/Users/admin/Desktop/ReactNativeSample/src/NavigationContainer.js": {"path":"/Users/admin/Desktop/ReactNativeSample/src/NavigationContainer.js","statementMap":{"0":{"start":{"line":9,"column":29},"end":{"line":9,"column":31}},"1":{"start":{"line":12,"column":0},"end":{"line":14,"column":2}},"2":{"start":{"line":16,"column":0},"end":{"line":18,"column":2}},"3":{"start":{"line":21,"column":0},"end":{"line":23,"column":2}},"4":{"start":{"line":25,"column":0},"end":{"line":27,"column":2}},"5":{"start":{"line":29,"column":29},"end":{"line":31,"column":2}},"6":{"start":{"line":33,"column":21},"end":{"line":33,"column":45}}},"fnMap":{"0":{"name":"(anonymous_0)","decl":{"start":{"line":33,"column":15},"end":{"line":33,"column":16}},"loc":{"start":{"line":33,"column":21},"end":{"line":33,"column":45}},"line":33}},"branchMap":{},"s":{"0":2,"1":2,"2":2,"3":2,"4":2,"5":2,"6":2},"f":{"0":2},"b":{},"_coverageSchema":"332fd63041d2c1bcb487cc26dd0d5f7d97098a6c","hash":"ffb7c6dbfc169be56a7573017a642d8e08904410"}
,"/Users/admin/Desktop/ReactNativeSample/src/components/Greeting.js": {"path":"/Users/admin/Desktop/ReactNativeSample/src/components/Greeting.js","statementMap":{"0":{"start":{"line":5,"column":15},"end":{"line":9,"column":2}},"1":{"start":{"line":13,"column":2},"end":{"line":27,"column":4}},"2":{"start":{"line":19,"column":12},"end":{"line":21,"column":15}},"3":{"start":{"line":30,"column":0},"end":{"line":32,"column":2}},"4":{"start":{"line":34,"column":0},"end":{"line":37,"column":2}}},"fnMap":{"0":{"name":"Greeting","decl":{"start":{"line":12,"column":24},"end":{"line":12,"column":32}},"loc":{"start":{"line":12,"column":40},"end":{"line":28,"column":1}},"line":12},"1":{"name":"(anonymous_1)","decl":{"start":{"line":18,"column":19},"end":{"line":18,"column":20}},"loc":{"start":{"line":18,"column":30},"end":{"line":22,"column":11}},"line":18}},"branchMap":{},"s":{"0":2,"1":0,"2":0,"3":2,"4":2},"f":{"0":0,"1":0},"b":{},"_coverageSchema":"332fd63041d2c1bcb487cc26dd0d5f7d97098a6c","hash":"2f66716b86be7a3914e0cd0d672d95c2d5880fcb"}
,"/Users/admin/Desktop/ReactNativeSample/src/components/GreetingsList.js": {"path":"/Users/admin/Desktop/ReactNativeSample/src/components/GreetingsList.js","statementMap":{"0":{"start":{"line":7,"column":15},"end":{"line":11,"column":2}},"1":{"start":{"line":16,"column":4},"end":{"line":16,"column":54}},"2":{"start":{"line":20,"column":22},"end":{"line":21,"column":83}},"3":{"start":{"line":21,"column":9},"end":{"line":21,"column":81}},"4":{"start":{"line":23,"column":4},"end":{"line":27,"column":6}},"5":{"start":{"line":31,"column":0},"end":{"line":33,"column":2}},"6":{"start":{"line":35,"column":0},"end":{"line":37,"column":2}}},"fnMap":{"0":{"name":"(anonymous_0)","decl":{"start":{"line":15,"column":2},"end":{"line":15,"column":3}},"loc":{"start":{"line":15,"column":31},"end":{"line":17,"column":3}},"line":15},"1":{"name":"(anonymous_1)","decl":{"start":{"line":19,"column":2},"end":{"line":19,"column":3}},"loc":{"start":{"line":19,"column":11},"end":{"line":28,"column":3}},"line":19},"2":{"name":"(anonymous_2)","decl":{"start":{"line":20,"column":46},"end":{"line":20,"column":47}},"loc":{"start":{"line":21,"column":9},"end":{"line":21,"column":81}},"line":21}},"branchMap":{},"s":{"0":2,"1":0,"2":0,"3":0,"4":0,"5":2,"6":2},"f":{"0":0,"1":0,"2":0},"b":{},"_coverageSchema":"332fd63041d2c1bcb487cc26dd0d5f7d97098a6c","hash":"ec00077545b1def1b9efa07e2bf9b2f9d8d9f9e9"}
,"/Users/admin/Desktop/ReactNativeSample/src/components/Info.ios.js": {"path":"/Users/admin/Desktop/ReactNativeSample/src/components/Info.ios.js","statementMap":{"0":{"start":{"line":4,"column":14},"end":{"line":4,"column":23}},"1":{"start":{"line":5,"column":14},"end":{"line":5,"column":23}},"2":{"start":{"line":7,"column":15},"end":{"line":24,"column":2}},"3":{"start":{"line":27,"column":2},"end":{"line":40,"column":4}}},"fnMap":{"0":{"name":"Info","decl":{"start":{"line":26,"column":24},"end":{"line":26,"column":28}},"loc":{"start":{"line":26,"column":31},"end":{"line":41,"column":1}},"line":26}},"branchMap":{},"s":{"0":2,"1":2,"2":2,"3":0},"f":{"0":0},"b":{},"_coverageSchema":"332fd63041d2c1bcb487cc26dd0d5f7d97098a6c","hash":"bd0d64ab78f9402fcc948ff94faf3bb6cc76958e"}
,"/Users/admin/Desktop/ReactNativeSample/src/components/SampleJsx.js": {"path":"/Users/admin/Desktop/ReactNativeSample/src/components/SampleJsx.js","statementMap":{"0":{"start":{"line":10,"column":4},"end":{"line":10,"column":26}},"1":{"start":{"line":13,"column":17},"end":{"line":20,"column":3}},"2":{"start":{"line":22,"column":2},"end":{"line":27,"column":4}}},"fnMap":{"0":{"name":"SampleJsx","decl":{"start":{"line":8,"column":24},"end":{"line":8,"column":33}},"loc":{"start":{"line":8,"column":36},"end":{"line":28,"column":1}},"line":8}},"branchMap":{},"s":{"0":0,"1":0,"2":0},"f":{"0":0},"b":{},"_coverageSchema":"332fd63041d2c1bcb487cc26dd0d5f7d97098a6c","hash":"52d7c31421506d3e727955450b4129befc04330a"}
,"/Users/admin/Desktop/ReactNativeSample/src/components/SampleState.js": {"path":"/Users/admin/Desktop/ReactNativeSample/src/components/SampleState.js","statementMap":{"0":{"start":{"line":8,"column":13},"end":{"line":12,"column":1}},"1":{"start":{"line":14,"column":23},"end":{"line":14,"column":27}},"2":{"start":{"line":19,"column":4},"end":{"line":22,"column":7}},"3":{"start":{"line":26,"column":4},"end":{"line":26,"column":17}},"4":{"start":{"line":28,"column":4},"end":{"line":30,"column":6}},"5":{"start":{"line":32,"column":4},"end":{"line":32,"column":25}},"6":{"start":{"line":36,"column":4},"end":{"line":40,"column":6}},"7":{"start":{"line":44,"column":4},"end":{"line":49,"column":23}},"8":{"start":{"line":45,"column":16},"end":{"line":45,"column":39}},"9":{"start":{"line":46,"column":6},"end":{"line":46,"column":54}},"10":{"start":{"line":48,"column":6},"end":{"line":48,"column":43}},"11":{"start":{"line":53,"column":18},"end":{"line":53,"column":33}},"12":{"start":{"line":54,"column":4},"end":{"line":58,"column":6}}},"fnMap":{"0":{"name":"(anonymous_0)","decl":{"start":{"line":18,"column":2},"end":{"line":18,"column":3}},"loc":{"start":{"line":18,"column":25},"end":{"line":23,"column":3}},"line":18},"1":{"name":"(anonymous_1)","decl":{"start":{"line":25,"column":2},"end":{"line":25,"column":3}},"loc":{"start":{"line":25,"column":21},"end":{"line":33,"column":3}},"line":25},"2":{"name":"(anonymous_2)","decl":{"start":{"line":35,"column":2},"end":{"line":35,"column":3}},"loc":{"start":{"line":35,"column":13},"end":{"line":41,"column":3}},"line":35},"3":{"name":"(anonymous_3)","decl":{"start":{"line":43,"column":2},"end":{"line":43,"column":3}},"loc":{"start":{"line":43,"column":18},"end":{"line":50,"column":3}},"line":43},"4":{"name":"(anonymous_4)","decl":{"start":{"line":44,"column":16},"end":{"line":44,"column":17}},"loc":{"start":{"line":44,"column":22},"end":{"line":49,"column":5}},"line":44},"5":{"name":"(anonymous_5)","decl":{"start":{"line":52,"column":2},"end":{"line":52,"column":3}},"loc":{"start":{"line":52,"column":11},"end":{"line":59,"column":3}},"line":52}},"branchMap":{"0":{"loc":{"start":{"line":46,"column":12},"end":{"line":46,"column":53}},"type":"cond-expr","locations":[{"start":{"line":46,"column":42},"end":{"line":46,"column":43}},{"start":{"line":46,"column":46},"end":{"line":46,"column":53}}],"line":46}},"s":{"0":2,"1":2,"2":0,"3":0,"4":0,"5":0,"6":0,"7":0,"8":0,"9":0,"10":0,"11":0,"12":0},"f":{"0":0,"1":0,"2":0,"3":0,"4":0,"5":0},"b":{"0":[0,0]},"_coverageSchema":"332fd63041d2c1bcb487cc26dd0d5f7d97098a6c","hash":"0e3739eeecd87e8bab7becdfb9a7bd904ec7c6cc"}
,"/Users/admin/Desktop/ReactNativeSample/src/helpers/math.helper.js": {"path":"/Users/admin/Desktop/ReactNativeSample/src/helpers/math.helper.js","statementMap":{"0":{"start":{"line":4,"column":2},"end":{"line":6,"column":3}},"1":{"start":{"line":5,"column":4},"end":{"line":5,"column":48}},"2":{"start":{"line":8,"column":2},"end":{"line":8,"column":27}},"3":{"start":{"line":12,"column":2},"end":{"line":14,"column":3}},"4":{"start":{"line":13,"column":4},"end":{"line":13,"column":48}},"5":{"start":{"line":16,"column":2},"end":{"line":16,"column":44}}},"fnMap":{"0":{"name":"sum","decl":{"start":{"line":3,"column":16},"end":{"line":3,"column":19}},"loc":{"start":{"line":3,"column":38},"end":{"line":9,"column":1}},"line":3},"1":{"name":"sumAsynchrone","decl":{"start":{"line":11,"column":16},"end":{"line":11,"column":29}},"loc":{"start":{"line":11,"column":48},"end":{"line":17,"column":1}},"line":11}},"branchMap":{"0":{"loc":{"start":{"line":4,"column":2},"end":{"line":6,"column":3}},"type":"if","locations":[{"start":{"line":4,"column":2},"end":{"line":6,"column":3}},{"start":{"line":4,"column":2},"end":{"line":6,"column":3}}],"line":4},"1":{"loc":{"start":{"line":4,"column":6},"end":{"line":4,"column":50}},"type":"binary-expr","locations":[{"start":{"line":4,"column":6},"end":{"line":4,"column":26}},{"start":{"line":4,"column":30},"end":{"line":4,"column":50}}],"line":4},"2":{"loc":{"start":{"line":12,"column":2},"end":{"line":14,"column":3}},"type":"if","locations":[{"start":{"line":12,"column":2},"end":{"line":14,"column":3}},{"start":{"line":12,"column":2},"end":{"line":14,"column":3}}],"line":12},"3":{"loc":{"start":{"line":12,"column":6},"end":{"line":12,"column":50}},"type":"binary-expr","locations":[{"start":{"line":12,"column":6},"end":{"line":12,"column":26}},{"start":{"line":12,"column":30},"end":{"line":12,"column":50}}],"line":12}},"s":{"0":3,"1":1,"2":2,"3":3,"4":1,"5":2},"f":{"0":3,"1":3},"b":{"0":[1,2],"1":[3,2],"2":[1,2],"3":[3,2]},"_coverageSchema":"332fd63041d2c1bcb487cc26dd0d5f7d97098a6c","hash":"56d982218676f08af626416e5d13a2bdd68c7c90"}
,"/Users/admin/Desktop/ReactNativeSample/src/screens/GreetingsScreen.js": {"path":"/Users/admin/Desktop/ReactNativeSample/src/screens/GreetingsScreen.js","statementMap":{"0":{"start":{"line":5,"column":36},"end":{"line":5,"column":53}},"1":{"start":{"line":7,"column":13},"end":{"line":7,"column":19}},"2":{"start":{"line":9,"column":15},"end":{"line":25,"column":2}},"3":{"start":{"line":27,"column":20},"end":{"line":27,"column":36}},"4":{"start":{"line":36,"column":4},"end":{"line":36,"column":17}},"5":{"start":{"line":37,"column":4},"end":{"line":44,"column":6}},"6":{"start":{"line":46,"column":4},"end":{"line":46,"column":43}},"7":{"start":{"line":50,"column":4},"end":{"line":52,"column":7}},"8":{"start":{"line":56,"column":4},"end":{"line":73,"column":6}},"9":{"start":{"line":62,"column":34},"end":{"line":62,"column":66}}},"fnMap":{"0":{"name":"(anonymous_0)","decl":{"start":{"line":35,"column":2},"end":{"line":35,"column":3}},"loc":{"start":{"line":35,"column":21},"end":{"line":47,"column":3}},"line":35},"1":{"name":"(anonymous_1)","decl":{"start":{"line":49,"column":2},"end":{"line":49,"column":3}},"loc":{"start":{"line":49,"column":12},"end":{"line":53,"column":3}},"line":49},"2":{"name":"(anonymous_2)","decl":{"start":{"line":55,"column":2},"end":{"line":55,"column":3}},"loc":{"start":{"line":55,"column":11},"end":{"line":74,"column":3}},"line":55},"3":{"name":"(anonymous_3)","decl":{"start":{"line":62,"column":26},"end":{"line":62,"column":27}},"loc":{"start":{"line":62,"column":34},"end":{"line":62,"column":66}},"line":62}},"branchMap":{},"s":{"0":2,"1":2,"2":2,"3":2,"4":0,"5":0,"6":0,"7":0,"8":0,"9":0},"f":{"0":0,"1":0,"2":0,"3":0},"b":{},"_coverageSchema":"332fd63041d2c1bcb487cc26dd0d5f7d97098a6c","hash":"fe88db642d0b5680bbabd83e7e0226374c9a2f87"}
,"/Users/admin/Desktop/ReactNativeSample/src/screens/HomeScreen.js": {"path":"/Users/admin/Desktop/ReactNativeSample/src/screens/HomeScreen.js","statementMap":{"0":{"start":{"line":20,"column":0},"end":{"line":23,"column":13}},"1":{"start":{"line":26,"column":0},"end":{"line":29,"column":3}},"2":{"start":{"line":31,"column":0},"end":{"line":38,"column":3}},"3":{"start":{"line":40,"column":31},"end":{"line":40,"column":43}},"4":{"start":{"line":42,"column":15},"end":{"line":46,"column":2}},"5":{"start":{"line":55,"column":4},"end":{"line":55,"column":17}},"6":{"start":{"line":57,"column":4},"end":{"line":57,"column":51}},"7":{"start":{"line":59,"column":4},"end":{"line":59,"column":67}},"8":{"start":{"line":60,"column":4},"end":{"line":60,"column":55}},"9":{"start":{"line":61,"column":4},"end":{"line":61,"column":59}},"10":{"start":{"line":65,"column":4},"end":{"line":67,"column":7}},"11":{"start":{"line":68,"column":4},"end":{"line":68,"column":40}},"12":{"start":{"line":72,"column":4},"end":{"line":74,"column":7}},"13":{"start":{"line":75,"column":4},"end":{"line":75,"column":34}},"14":{"start":{"line":79,"column":4},"end":{"line":81,"column":7}},"15":{"start":{"line":82,"column":4},"end":{"line":82,"column":36}},"16":{"start":{"line":86,"column":4},"end":{"line":118,"column":6}},"17":{"start":{"line":110,"column":12},"end":{"line":110,"column":33}},"18":{"start":{"line":123,"column":0},"end":{"line":125,"column":2}},"19":{"start":{"line":126,"column":0},"end":{"line":128,"column":2}}},"fnMap":{"0":{"name":"(anonymous_0)","decl":{"start":{"line":54,"column":2},"end":{"line":54,"column":3}},"loc":{"start":{"line":54,"column":21},"end":{"line":62,"column":3}},"line":54},"1":{"name":"(anonymous_1)","decl":{"start":{"line":64,"column":2},"end":{"line":64,"column":3}},"loc":{"start":{"line":64,"column":24},"end":{"line":69,"column":3}},"line":64},"2":{"name":"(anonymous_2)","decl":{"start":{"line":71,"column":2},"end":{"line":71,"column":3}},"loc":{"start":{"line":71,"column":18},"end":{"line":76,"column":3}},"line":71},"3":{"name":"(anonymous_3)","decl":{"start":{"line":78,"column":2},"end":{"line":78,"column":3}},"loc":{"start":{"line":78,"column":20},"end":{"line":83,"column":3}},"line":78},"4":{"name":"(anonymous_4)","decl":{"start":{"line":85,"column":2},"end":{"line":85,"column":3}},"loc":{"start":{"line":85,"column":11},"end":{"line":119,"column":3}},"line":85},"5":{"name":"(anonymous_5)","decl":{"start":{"line":109,"column":19},"end":{"line":109,"column":20}},"loc":{"start":{"line":109,"column":25},"end":{"line":111,"column":11}},"line":109}},"branchMap":{},"s":{"0":2,"1":2,"2":2,"3":2,"4":2,"5":2,"6":2,"7":2,"8":2,"9":2,"10":0,"11":0,"12":0,"13":0,"14":0,"15":0,"16":2,"17":0,"18":2,"19":2},"f":{"0":2,"1":0,"2":0,"3":0,"4":2,"5":0},"b":{},"_coverageSchema":"332fd63041d2c1bcb487cc26dd0d5f7d97098a6c","hash":"e4ecb4bf367ebdbd7e36431557bfc887f9bb0b2f"}
,"/Users/admin/Desktop/ReactNativeSample/src/screens/JsxScreen.js": {"path":"/Users/admin/Desktop/ReactNativeSample/src/screens/JsxScreen.js","statementMap":{"0":{"start":{"line":4,"column":30},"end":{"line":4,"column":41}},"1":{"start":{"line":13,"column":4},"end":{"line":15,"column":6}}},"fnMap":{"0":{"name":"(anonymous_0)","decl":{"start":{"line":12,"column":2},"end":{"line":12,"column":3}},"loc":{"start":{"line":12,"column":11},"end":{"line":16,"column":3}},"line":12}},"branchMap":{},"s":{"0":2,"1":0},"f":{"0":0},"b":{},"_coverageSchema":"332fd63041d2c1bcb487cc26dd0d5f7d97098a6c","hash":"072c583f055196334369c603d7f7b7900bf686fd"}
,"/Users/admin/Desktop/ReactNativeSample/src/screens/StateScreen.js": {"path":"/Users/admin/Desktop/ReactNativeSample/src/screens/StateScreen.js","statementMap":{"0":{"start":{"line":4,"column":32},"end":{"line":4,"column":45}},"1":{"start":{"line":13,"column":4},"end":{"line":15,"column":6}}},"fnMap":{"0":{"name":"(anonymous_0)","decl":{"start":{"line":12,"column":2},"end":{"line":12,"column":3}},"loc":{"start":{"line":12,"column":11},"end":{"line":16,"column":3}},"line":12}},"branchMap":{},"s":{"0":2,"1":0},"f":{"0":0},"b":{},"_coverageSchema":"332fd63041d2c1bcb487cc26dd0d5f7d97098a6c","hash":"bebf2ab669f3350b959cb8e503b603cb5432faa3"}
}
